2023-12-12 13:56:21,677	INFO	main
2023-12-12 13:56:21,720	INFO	common
2023-12-12 13:56:21,733	INFO	common
2023-12-12 13:56:21,756	INFO	common
2023-12-12 13:56:21,769	INFO	common
2023-12-12 13:56:21,773	INFO	common
2023-12-12 13:56:21,773	INFO	data_ingestion
2023-12-12 13:56:21,812	INFO	main
2023-12-12 13:56:21,814	INFO	main
2023-12-12 13:56:21,861	INFO	common
2023-12-12 13:56:21,866	INFO	common
2023-12-12 13:56:21,888	INFO	common
2023-12-12 13:56:21,893	INFO	common
2023-12-12 13:56:21,897	INFO	common
2023-12-12 13:56:22,039	INFO	main
2023-12-12 13:56:22,041	INFO	main
2023-12-12 13:56:22,078	INFO	common
2023-12-12 13:56:22,086	INFO	common
2023-12-12 13:56:22,105	INFO	common
2023-12-12 13:56:22,105	INFO	common
2023-12-12 13:56:22,116	INFO	common
2023-12-12 13:56:22,277	INFO	data_transformation
2023-12-12 13:56:22,277	INFO	data_transformation
2023-12-12 13:56:22,283	INFO	data_transformation
2023-12-12 13:56:22,291	INFO	main
2023-12-12 13:56:22,293	INFO	main
2023-12-12 13:56:22,324	INFO	common
2023-12-12 13:56:22,335	INFO	common
2023-12-12 13:56:22,358	INFO	common
2023-12-12 13:56:22,363	INFO	common
2023-12-12 13:56:22,378	INFO	common
2023-12-12 13:56:22,748	INFO	main
2023-12-12 13:56:22,749	INFO	main
2023-12-12 13:56:22,773	INFO	common
2023-12-12 13:56:22,799	INFO	common
2023-12-12 13:56:22,825	INFO	common
2023-12-12 13:56:22,830	INFO	common
2023-12-12 13:56:22,832	INFO	common
2023-12-12 13:56:24,426	INFO	common
2023-12-12 13:56:41,084	INFO	main
2023-12-12 13:58:05,103	INFO	main
2023-12-12 13:58:05,123	INFO	common
2023-12-12 13:58:05,123	INFO	common
2023-12-12 13:58:05,143	INFO	common
2023-12-12 13:58:05,147	INFO	common
2023-12-12 13:58:05,149	INFO	common
2023-12-12 13:58:05,151	INFO	data_ingestion
2023-12-12 13:58:05,166	INFO	main
2023-12-12 13:58:05,167	INFO	main
2023-12-12 13:58:05,192	INFO	common
2023-12-12 13:58:05,198	INFO	common
2023-12-12 13:58:05,207	INFO	common
2023-12-12 13:58:05,210	INFO	common
2023-12-12 13:58:05,212	INFO	common
2023-12-12 13:58:05,272	INFO	main
2023-12-12 13:58:05,273	INFO	main
2023-12-12 13:58:05,297	INFO	common
2023-12-12 13:58:05,301	INFO	common
2023-12-12 13:58:05,312	INFO	common
2023-12-12 13:58:05,315	INFO	common
2023-12-12 13:58:05,317	INFO	common
2023-12-12 13:58:05,404	INFO	data_transformation
2023-12-12 13:58:05,405	INFO	data_transformation
2023-12-12 13:58:05,406	INFO	data_transformation
2023-12-12 13:58:05,407	INFO	main
2023-12-12 13:58:05,407	INFO	main
2023-12-12 13:58:05,424	INFO	common
2023-12-12 13:58:05,429	INFO	common
2023-12-12 13:58:05,440	INFO	common
2023-12-12 13:58:05,442	INFO	common
2023-12-12 13:58:05,445	INFO	common
2023-12-12 13:58:05,556	INFO	main
2023-12-12 13:58:05,556	INFO	main
2023-12-12 13:58:05,590	INFO	common
2023-12-12 13:58:05,594	INFO	common
2023-12-12 13:58:05,605	INFO	common
2023-12-12 13:58:05,605	INFO	common
2023-12-12 13:58:05,614	INFO	common
2023-12-12 13:58:06,590	INFO	common
2023-12-12 13:58:21,934	INFO	main
2023-12-12 14:09:50,520	INFO	main	>>>>>> stage Data Ingestion stage started <<<<<<
2023-12-12 14:09:50,538	INFO	common	yaml file: config\config.yaml loaded successfully
2023-12-12 14:09:50,538	INFO	common	yaml file: params.yaml loaded successfully
2023-12-12 14:09:50,560	INFO	common	yaml file: schema.yaml loaded successfully
2023-12-12 14:09:50,562	INFO	common	created directory at: artifacts
2023-12-12 14:09:50,564	INFO	common	created directory at: artifacts/data_ingestion
2023-12-12 14:09:50,566	INFO	data_ingestion	File already exists of size: ~ 23 KB
2023-12-12 14:09:50,577	INFO	main	>>>>>> stage Data Ingestion stage completed <<<<<<

x==========x
2023-12-12 14:09:50,579	INFO	main	>>>>>> stage Data Validation stage started <<<<<<
2023-12-12 14:09:50,614	INFO	common	yaml file: config\config.yaml loaded successfully
2023-12-12 14:09:50,621	INFO	common	yaml file: params.yaml loaded successfully
2023-12-12 14:09:50,634	INFO	common	yaml file: schema.yaml loaded successfully
2023-12-12 14:09:50,636	INFO	common	created directory at: artifacts
2023-12-12 14:09:50,638	INFO	common	created directory at: artifacts/data_validation
2023-12-12 14:09:50,732	INFO	main	>>>>>> stage Data Validation stage completed <<<<<<

x==========x
2023-12-12 14:09:50,734	INFO	main	>>>>>> stage Data Transformation stage started <<<<<<
2023-12-12 14:09:50,759	INFO	common	yaml file: config\config.yaml loaded successfully
2023-12-12 14:09:50,766	INFO	common	yaml file: params.yaml loaded successfully
2023-12-12 14:09:50,784	INFO	common	yaml file: schema.yaml loaded successfully
2023-12-12 14:09:50,788	INFO	common	created directory at: artifacts
2023-12-12 14:09:50,790	INFO	common	created directory at: artifacts/data_transformation
2023-12-12 14:09:50,907	INFO	data_transformation	Splited data into training and test sets
2023-12-12 14:09:50,910	INFO	data_transformation	(1199, 12)
2023-12-12 14:09:50,915	INFO	data_transformation	(400, 12)
2023-12-12 14:09:50,922	INFO	main	>>>>>> stage Data Transformation stage completed <<<<<<

x==========x
2023-12-12 14:09:50,925	INFO	main	>>>>>> stage Model Trainer stage started <<<<<<
2023-12-12 14:09:50,950	INFO	common	yaml file: config\config.yaml loaded successfully
2023-12-12 14:09:50,955	INFO	common	yaml file: params.yaml loaded successfully
2023-12-12 14:09:50,976	INFO	common	yaml file: schema.yaml loaded successfully
2023-12-12 14:09:50,979	INFO	common	created directory at: artifacts
2023-12-12 14:09:50,982	INFO	common	created directory at: artifacts/model_trainer
2023-12-12 14:09:51,099	INFO	main	>>>>>> stage Model Trainer stage completed <<<<<<

x==========x
2023-12-12 14:09:51,101	INFO	main	>>>>>> stage Model evaluation stage started <<<<<<
2023-12-12 14:09:51,125	INFO	common	yaml file: config\config.yaml loaded successfully
2023-12-12 14:09:51,128	INFO	common	yaml file: params.yaml loaded successfully
2023-12-12 14:09:51,133	INFO	common	yaml file: schema.yaml loaded successfully
2023-12-12 14:09:51,133	INFO	common	created directory at: artifacts
2023-12-12 14:09:51,151	INFO	common	created directory at: artifacts/model_evaluation
2023-12-12 14:09:52,272	INFO	common	json file saved at: artifacts\model_evaluation\metrics.json
2023-12-12 14:10:09,411	INFO	main	>>>>>> stage Model evaluation stage completed <<<<<<

x==========x
2023-12-12 14:19:44,394	INFO	main	>>>>>> stage Data Ingestion stage started <<<<<<
2023-12-12 14:19:44,410	INFO	common	yaml file: config\config.yaml loaded successfully
2023-12-12 14:19:44,439	INFO	common	yaml file: params.yaml loaded successfully
2023-12-12 14:19:44,448	INFO	common	yaml file: schema.yaml loaded successfully
2023-12-12 14:19:44,452	INFO	common	created directory at: artifacts
2023-12-12 14:19:44,456	INFO	common	created directory at: artifacts/data_ingestion
2023-12-12 14:19:44,459	INFO	data_ingestion	File already exists of size: ~ 23 KB
2023-12-12 14:19:44,471	INFO	main	>>>>>> stage Data Ingestion stage completed <<<<<<
2023-12-12 14:19:44,473	INFO	main	>>>>>> stage Data Validation stage started <<<<<<
2023-12-12 14:19:44,497	INFO	common	yaml file: config\config.yaml loaded successfully
2023-12-12 14:19:44,501	INFO	common	yaml file: params.yaml loaded successfully
2023-12-12 14:19:44,514	INFO	common	yaml file: schema.yaml loaded successfully
2023-12-12 14:19:44,517	INFO	common	created directory at: artifacts
2023-12-12 14:19:44,519	INFO	common	created directory at: artifacts/data_validation
2023-12-12 14:19:44,586	INFO	main	>>>>>> stage Data Validation stage completed <<<<<<
2023-12-12 14:19:44,588	INFO	main	>>>>>> stage Data Transformation stage started <<<<<<
2023-12-12 14:19:44,623	INFO	common	yaml file: config\config.yaml loaded successfully
2023-12-12 14:19:44,630	INFO	common	yaml file: params.yaml loaded successfully
2023-12-12 14:19:44,640	INFO	common	yaml file: schema.yaml loaded successfully
2023-12-12 14:19:44,645	INFO	common	created directory at: artifacts
2023-12-12 14:19:44,647	INFO	common	created directory at: artifacts/data_transformation
2023-12-12 14:19:44,740	INFO	data_transformation	Splited data into training and test sets
2023-12-12 14:19:44,740	INFO	data_transformation	(1199, 12)
2023-12-12 14:19:44,740	INFO	data_transformation	(400, 12)
2023-12-12 14:19:44,740	INFO	main	>>>>>> stage Data Transformation stage completed <<<<<<
2023-12-12 14:19:44,740	INFO	main	>>>>>> stage Model Trainer stage started <<<<<<
2023-12-12 14:19:44,759	INFO	common	yaml file: config\config.yaml loaded successfully
2023-12-12 14:19:44,763	INFO	common	yaml file: params.yaml loaded successfully
2023-12-12 14:19:44,775	INFO	common	yaml file: schema.yaml loaded successfully
2023-12-12 14:19:44,778	INFO	common	created directory at: artifacts
2023-12-12 14:19:44,780	INFO	common	created directory at: artifacts/model_trainer
2023-12-12 14:19:44,873	INFO	main	>>>>>> stage Model Trainer stage completed <<<<<<
2023-12-12 14:19:44,873	INFO	main	>>>>>> stage Model evaluation stage started <<<<<<
2023-12-12 14:19:44,900	INFO	common	yaml file: config\config.yaml loaded successfully
2023-12-12 14:19:44,905	INFO	common	yaml file: params.yaml loaded successfully
2023-12-12 14:19:44,913	INFO	common	yaml file: schema.yaml loaded successfully
2023-12-12 14:19:44,923	INFO	common	created directory at: artifacts
2023-12-12 14:19:44,924	INFO	common	created directory at: artifacts/model_evaluation
2023-12-12 14:19:46,010	INFO	common	json file saved at: artifacts\model_evaluation\metrics.json
2023-12-12 14:20:01,221	INFO	main	>>>>>> stage Model evaluation stage completed <<<<<<
2023-12-12 14:20:24,978	INFO	main	>>>>>> stage Data Ingestion stage started <<<<<<
2023-12-12 14:20:24,999	INFO	common	yaml file: config\config.yaml loaded successfully
2023-12-12 14:20:25,035	INFO	common	yaml file: params.yaml loaded successfully
2023-12-12 14:20:25,054	INFO	common	yaml file: schema.yaml loaded successfully
2023-12-12 14:20:25,057	INFO	common	created directory at: artifacts
2023-12-12 14:20:25,062	INFO	common	created directory at: artifacts/data_ingestion
2023-12-12 14:20:25,062	INFO	data_ingestion	File already exists of size: ~ 23 KB
2023-12-12 14:20:25,080	INFO	main	>>>>>> stage Data Ingestion stage completed <<<<<<
2023-12-12 14:20:25,081	INFO	main	>>>>>> stage Data Validation stage started <<<<<<
2023-12-12 14:20:25,114	INFO	common	yaml file: config\config.yaml loaded successfully
2023-12-12 14:20:25,119	INFO	common	yaml file: params.yaml loaded successfully
2023-12-12 14:20:25,135	INFO	common	yaml file: schema.yaml loaded successfully
2023-12-12 14:20:25,139	INFO	common	created directory at: artifacts
2023-12-12 14:20:25,141	INFO	common	created directory at: artifacts/data_validation
2023-12-12 14:20:25,218	INFO	main	>>>>>> stage Data Validation stage completed <<<<<<
2023-12-12 14:20:25,220	INFO	main	>>>>>> stage Data Transformation stage started <<<<<<
2023-12-12 14:20:25,252	INFO	common	yaml file: config\config.yaml loaded successfully
2023-12-12 14:20:25,258	INFO	common	yaml file: params.yaml loaded successfully
2023-12-12 14:20:25,276	INFO	common	yaml file: schema.yaml loaded successfully
2023-12-12 14:20:25,280	INFO	common	created directory at: artifacts
2023-12-12 14:20:25,282	INFO	common	created directory at: artifacts/data_transformation
2023-12-12 14:20:25,366	INFO	data_transformation	Splited data into training and test sets
2023-12-12 14:20:25,381	INFO	data_transformation	(1199, 12)
2023-12-12 14:20:25,381	INFO	data_transformation	(400, 12)
2023-12-12 14:20:25,381	INFO	main	>>>>>> stage Data Transformation stage completed <<<<<<
2023-12-12 14:20:25,451	INFO	main	>>>>>> stage Model Trainer stage started <<<<<<
2023-12-12 14:20:25,534	INFO	common	yaml file: config\config.yaml loaded successfully
2023-12-12 14:20:25,556	INFO	common	yaml file: params.yaml loaded successfully
2023-12-12 14:20:25,587	INFO	common	yaml file: schema.yaml loaded successfully
2023-12-12 14:20:25,609	INFO	common	created directory at: artifacts
2023-12-12 14:20:25,611	INFO	common	created directory at: artifacts/model_trainer
2023-12-12 14:20:25,755	INFO	main	>>>>>> stage Model Trainer stage completed <<<<<<
2023-12-12 14:20:25,757	INFO	main	>>>>>> stage Model evaluation stage started <<<<<<
2023-12-12 14:20:25,775	INFO	common	yaml file: config\config.yaml loaded successfully
2023-12-12 14:20:25,779	INFO	common	yaml file: params.yaml loaded successfully
2023-12-12 14:20:25,793	INFO	common	yaml file: schema.yaml loaded successfully
2023-12-12 14:20:25,796	INFO	common	created directory at: artifacts
2023-12-12 14:20:25,796	INFO	common	created directory at: artifacts/model_evaluation
2023-12-12 14:20:26,756	INFO	common	json file saved at: artifacts\model_evaluation\metrics.json
2023-12-12 14:20:41,491	INFO	main	>>>>>> stage Model evaluation stage completed <<<<<<
